{"/Users/xiaody/local/inPromise/index.js":{"path":"/Users/xiaody/local/inPromise/index.js","s":{"1":1,"2":1,"3":3163,"4":1,"5":3162,"6":1,"7":3161,"8":3161,"9":3161,"10":2540,"11":620,"12":1,"13":1,"14":2021,"15":2021,"16":2021,"17":2021,"18":2021,"19":2021,"20":1,"21":3161,"22":3161,"23":3161,"24":3161,"25":3161,"26":1,"27":2021,"28":432,"29":1589,"30":432,"31":1157,"32":1157,"33":3622,"34":6,"35":3616,"36":3616,"37":3616,"38":54,"39":54,"40":3562,"41":1408,"42":1408,"43":2154,"44":2154,"45":2154,"46":999,"47":6,"48":993,"49":993,"50":993,"51":1408,"52":1408,"53":1408,"54":1408,"55":1192,"56":1082,"57":1192,"58":310,"59":286,"60":310,"61":138,"62":38,"63":138,"64":1,"65":2298,"66":1968,"67":1968,"68":1968,"69":78,"70":78,"71":1890,"72":2,"73":2,"74":1888,"75":1,"76":4011,"77":864,"78":4011,"79":2014,"80":2014,"81":2014,"82":4011,"83":1,"84":10384,"85":1,"86":3616,"87":1255,"88":2361,"89":2307,"90":1408,"91":1,"92":1,"93":0},"b":{"1":[1,3162],"2":[1,3161],"3":[1125,896],"4":[1173,848],"5":[432,1589],"6":[432,1157],"7":[6,3616],"8":[1408,2154],"9":[6,993],"10":[1082,110],"11":[286,24],"12":[38,100],"13":[2,1888],"14":[864,3147],"15":[1255,2361],"16":[3616,2383,24],"17":[2307,1408],"18":[1,0]},"f":{"1":1,"2":3163,"3":2540,"4":620,"5":2021,"6":2021,"7":3161,"8":2021,"9":3622,"10":999,"11":1408,"12":1192,"13":310,"14":2298,"15":1968,"16":4011,"17":2014,"18":2014,"19":10384,"20":3616,"21":1408},"fnMap":{"1":{"name":"(anonymous_1)","line":2,"loc":{"start":{"line":2,"column":2},"end":{"line":2,"column":31}}},"2":{"name":"Promise","line":4,"loc":{"start":{"line":4,"column":0},"end":{"line":4,"column":28}}},"3":{"name":"(anonymous_3)","line":13,"loc":{"start":{"line":13,"column":17},"end":{"line":13,"column":30}}},"4":{"name":"(anonymous_4)","line":15,"loc":{"start":{"line":15,"column":11},"end":{"line":15,"column":24}}},"5":{"name":"(anonymous_5)","line":22,"loc":{"start":{"line":22,"column":25},"end":{"line":22,"column":60}}},"6":{"name":"(anonymous_6)","line":24,"loc":{"start":{"line":24,"column":30},"end":{"line":24,"column":50}}},"7":{"name":"Handler","line":35,"loc":{"start":{"line":35,"column":0},"end":{"line":35,"column":20}}},"8":{"name":"(anonymous_8)","line":53,"loc":{"start":{"line":53,"column":12},"end":{"line":53,"column":41}}},"9":{"name":"(anonymous_9)","line":63,"loc":{"start":{"line":63,"column":15},"end":{"line":63,"column":28}}},"10":{"name":"(anonymous_10)","line":81,"loc":{"start":{"line":81,"column":14},"end":{"line":81,"column":27}}},"11":{"name":"(anonymous_11)","line":88,"loc":{"start":{"line":88,"column":14},"end":{"line":88,"column":30}}},"12":{"name":"(anonymous_12)","line":94,"loc":{"start":{"line":94,"column":17},"end":{"line":94,"column":30}}},"13":{"name":"(anonymous_13)","line":98,"loc":{"start":{"line":98,"column":15},"end":{"line":98,"column":28}}},"14":{"name":"wrapCallback","line":111,"loc":{"start":{"line":111,"column":0},"end":{"line":111,"column":53}}},"15":{"name":"(anonymous_15)","line":112,"loc":{"start":{"line":112,"column":11},"end":{"line":112,"column":24}}},"16":{"name":"next","line":128,"loc":{"start":{"line":128,"column":0},"end":{"line":128,"column":29}}},"17":{"name":"(anonymous_17)","line":132,"loc":{"start":{"line":132,"column":9},"end":{"line":132,"column":23}}},"18":{"name":"(anonymous_18)","line":133,"loc":{"start":{"line":133,"column":23},"end":{"line":133,"column":35}}},"19":{"name":"isFunc","line":141,"loc":{"start":{"line":141,"column":0},"end":{"line":141,"column":20}}},"20":{"name":"getThen","line":145,"loc":{"start":{"line":145,"column":0},"end":{"line":145,"column":23}}},"21":{"name":"(anonymous_21)","line":149,"loc":{"start":{"line":149,"column":27},"end":{"line":149,"column":62}}}},"statementMap":{"1":{"start":{"line":2,"column":1},"end":{"line":160,"column":9}},"2":{"start":{"line":4,"column":0},"end":{"line":21,"column":1}},"3":{"start":{"line":5,"column":4},"end":{"line":6,"column":71}},"4":{"start":{"line":6,"column":8},"end":{"line":6,"column":71}},"5":{"start":{"line":7,"column":4},"end":{"line":8,"column":82}},"6":{"start":{"line":8,"column":8},"end":{"line":8,"column":82}},"7":{"start":{"line":11,"column":4},"end":{"line":11,"column":45}},"8":{"start":{"line":12,"column":4},"end":{"line":20,"column":5}},"9":{"start":{"line":13,"column":8},"end":{"line":17,"column":10}},"10":{"start":{"line":14,"column":12},"end":{"line":14,"column":30}},"11":{"start":{"line":16,"column":12},"end":{"line":16,"column":29}},"12":{"start":{"line":19,"column":8},"end":{"line":19,"column":25}},"13":{"start":{"line":22,"column":0},"end":{"line":33,"column":1}},"14":{"start":{"line":23,"column":4},"end":{"line":23,"column":23}},"15":{"start":{"line":24,"column":4},"end":{"line":27,"column":6}},"16":{"start":{"line":25,"column":8},"end":{"line":25,"column":21}},"17":{"start":{"line":26,"column":8},"end":{"line":26,"column":20}},"18":{"start":{"line":28,"column":4},"end":{"line":31,"column":5}},"19":{"start":{"line":32,"column":4},"end":{"line":32,"column":18}},"20":{"start":{"line":35,"column":0},"end":{"line":50,"column":1}},"21":{"start":{"line":45,"column":4},"end":{"line":45,"column":18}},"22":{"start":{"line":46,"column":4},"end":{"line":46,"column":23}},"23":{"start":{"line":47,"column":4},"end":{"line":47,"column":22}},"24":{"start":{"line":48,"column":4},"end":{"line":48,"column":24}},"25":{"start":{"line":49,"column":4},"end":{"line":49,"column":24}},"26":{"start":{"line":51,"column":0},"end":{"line":109,"column":1}},"27":{"start":{"line":54,"column":8},"end":{"line":61,"column":9}},"28":{"start":{"line":55,"column":12},"end":{"line":55,"column":39}},"29":{"start":{"line":56,"column":15},"end":{"line":61,"column":9}},"30":{"start":{"line":57,"column":12},"end":{"line":57,"column":38}},"31":{"start":{"line":59,"column":12},"end":{"line":59,"column":41}},"32":{"start":{"line":60,"column":12},"end":{"line":60,"column":39}},"33":{"start":{"line":64,"column":8},"end":{"line":65,"column":18}},"34":{"start":{"line":65,"column":12},"end":{"line":65,"column":18}},"35":{"start":{"line":66,"column":8},"end":{"line":66,"column":16}},"36":{"start":{"line":67,"column":8},"end":{"line":72,"column":9}},"37":{"start":{"line":68,"column":12},"end":{"line":68,"column":29}},"38":{"start":{"line":70,"column":12},"end":{"line":70,"column":26}},"39":{"start":{"line":71,"column":12},"end":{"line":71,"column":18}},"40":{"start":{"line":73,"column":8},"end":{"line":76,"column":9}},"41":{"start":{"line":74,"column":12},"end":{"line":74,"column":29}},"42":{"start":{"line":75,"column":12},"end":{"line":75,"column":18}},"43":{"start":{"line":77,"column":8},"end":{"line":77,"column":22}},"44":{"start":{"line":78,"column":8},"end":{"line":78,"column":23}},"45":{"start":{"line":79,"column":8},"end":{"line":79,"column":31}},"46":{"start":{"line":82,"column":8},"end":{"line":83,"column":18}},"47":{"start":{"line":83,"column":12},"end":{"line":83,"column":18}},"48":{"start":{"line":84,"column":8},"end":{"line":84,"column":22}},"49":{"start":{"line":85,"column":8},"end":{"line":85,"column":23}},"50":{"start":{"line":86,"column":8},"end":{"line":86,"column":30}},"51":{"start":{"line":89,"column":8},"end":{"line":89,"column":22}},"52":{"start":{"line":90,"column":8},"end":{"line":91,"column":28}},"53":{"start":{"line":93,"column":8},"end":{"line":107,"column":9}},"54":{"start":{"line":94,"column":12},"end":{"line":102,"column":14}},"55":{"start":{"line":95,"column":16},"end":{"line":96,"column":35}},"56":{"start":{"line":96,"column":20},"end":{"line":96,"column":35}},"57":{"start":{"line":97,"column":16},"end":{"line":97,"column":33}},"58":{"start":{"line":99,"column":16},"end":{"line":100,"column":34}},"59":{"start":{"line":100,"column":20},"end":{"line":100,"column":34}},"60":{"start":{"line":101,"column":16},"end":{"line":101,"column":33}},"61":{"start":{"line":104,"column":12},"end":{"line":105,"column":30}},"62":{"start":{"line":105,"column":16},"end":{"line":105,"column":30}},"63":{"start":{"line":106,"column":12},"end":{"line":106,"column":29}},"64":{"start":{"line":111,"column":0},"end":{"line":126,"column":1}},"65":{"start":{"line":112,"column":4},"end":{"line":125,"column":5}},"66":{"start":{"line":113,"column":8},"end":{"line":113,"column":18}},"67":{"start":{"line":114,"column":8},"end":{"line":119,"column":9}},"68":{"start":{"line":115,"column":12},"end":{"line":115,"column":42}},"69":{"start":{"line":117,"column":12},"end":{"line":117,"column":21}},"70":{"start":{"line":118,"column":12},"end":{"line":118,"column":18}},"71":{"start":{"line":120,"column":8},"end":{"line":123,"column":9}},"72":{"start":{"line":121,"column":12},"end":{"line":121,"column":73}},"73":{"start":{"line":122,"column":12},"end":{"line":122,"column":18}},"74":{"start":{"line":124,"column":8},"end":{"line":124,"column":23}},"75":{"start":{"line":128,"column":0},"end":{"line":139,"column":1}},"76":{"start":{"line":129,"column":4},"end":{"line":130,"column":23}},"77":{"start":{"line":130,"column":8},"end":{"line":130,"column":23}},"78":{"start":{"line":131,"column":4},"end":{"line":137,"column":5}},"79":{"start":{"line":132,"column":8},"end":{"line":136,"column":20}},"80":{"start":{"line":133,"column":12},"end":{"line":135,"column":17}},"81":{"start":{"line":134,"column":16},"end":{"line":134,"column":41}},"82":{"start":{"line":138,"column":4},"end":{"line":138,"column":20}},"83":{"start":{"line":141,"column":0},"end":{"line":143,"column":1}},"84":{"start":{"line":142,"column":4},"end":{"line":142,"column":34}},"85":{"start":{"line":145,"column":0},"end":{"line":152,"column":1}},"86":{"start":{"line":146,"column":4},"end":{"line":147,"column":20}},"87":{"start":{"line":147,"column":8},"end":{"line":147,"column":20}},"88":{"start":{"line":148,"column":4},"end":{"line":148,"column":23}},"89":{"start":{"line":149,"column":4},"end":{"line":151,"column":5}},"90":{"start":{"line":150,"column":8},"end":{"line":150,"column":47}},"91":{"start":{"line":155,"column":0},"end":{"line":158,"column":28}},"92":{"start":{"line":156,"column":4},"end":{"line":156,"column":28}},"93":{"start":{"line":158,"column":4},"end":{"line":158,"column":28}}},"branchMap":{"1":{"line":5,"type":"if","locations":[{"start":{"line":5,"column":4},"end":{"line":5,"column":4}},{"start":{"line":5,"column":4},"end":{"line":5,"column":4}}]},"2":{"line":7,"type":"if","locations":[{"start":{"line":7,"column":4},"end":{"line":7,"column":4}},{"start":{"line":7,"column":4},"end":{"line":7,"column":4}}]},"3":{"line":29,"type":"cond-expr","locations":[{"start":{"line":29,"column":30},"end":{"line":29,"column":81}},{"start":{"line":29,"column":84},"end":{"line":29,"column":91}}]},"4":{"line":30,"type":"cond-expr","locations":[{"start":{"line":30,"column":29},"end":{"line":30,"column":79}},{"start":{"line":30,"column":82},"end":{"line":30,"column":88}}]},"5":{"line":54,"type":"if","locations":[{"start":{"line":54,"column":8},"end":{"line":54,"column":8}},{"start":{"line":54,"column":8},"end":{"line":54,"column":8}}]},"6":{"line":56,"type":"if","locations":[{"start":{"line":56,"column":15},"end":{"line":56,"column":15}},{"start":{"line":56,"column":15},"end":{"line":56,"column":15}}]},"7":{"line":64,"type":"if","locations":[{"start":{"line":64,"column":8},"end":{"line":64,"column":8}},{"start":{"line":64,"column":8},"end":{"line":64,"column":8}}]},"8":{"line":73,"type":"if","locations":[{"start":{"line":73,"column":8},"end":{"line":73,"column":8}},{"start":{"line":73,"column":8},"end":{"line":73,"column":8}}]},"9":{"line":82,"type":"if","locations":[{"start":{"line":82,"column":8},"end":{"line":82,"column":8}},{"start":{"line":82,"column":8},"end":{"line":82,"column":8}}]},"10":{"line":95,"type":"if","locations":[{"start":{"line":95,"column":16},"end":{"line":95,"column":16}},{"start":{"line":95,"column":16},"end":{"line":95,"column":16}}]},"11":{"line":99,"type":"if","locations":[{"start":{"line":99,"column":16},"end":{"line":99,"column":16}},{"start":{"line":99,"column":16},"end":{"line":99,"column":16}}]},"12":{"line":104,"type":"if","locations":[{"start":{"line":104,"column":12},"end":{"line":104,"column":12}},{"start":{"line":104,"column":12},"end":{"line":104,"column":12}}]},"13":{"line":120,"type":"if","locations":[{"start":{"line":120,"column":8},"end":{"line":120,"column":8}},{"start":{"line":120,"column":8},"end":{"line":120,"column":8}}]},"14":{"line":129,"type":"if","locations":[{"start":{"line":129,"column":4},"end":{"line":129,"column":4}},{"start":{"line":129,"column":4},"end":{"line":129,"column":4}}]},"15":{"line":146,"type":"if","locations":[{"start":{"line":146,"column":4},"end":{"line":146,"column":4}},{"start":{"line":146,"column":4},"end":{"line":146,"column":4}}]},"16":{"line":146,"type":"binary-expr","locations":[{"start":{"line":146,"column":8},"end":{"line":146,"column":12}},{"start":{"line":146,"column":16},"end":{"line":146,"column":39}},{"start":{"line":146,"column":43},"end":{"line":146,"column":55}}]},"17":{"line":149,"type":"binary-expr","locations":[{"start":{"line":149,"column":11},"end":{"line":149,"column":23}},{"start":{"line":149,"column":27},"end":{"line":151,"column":5}}]},"18":{"line":155,"type":"if","locations":[{"start":{"line":155,"column":0},"end":{"line":155,"column":0}},{"start":{"line":155,"column":0},"end":{"line":155,"column":0}}]}}}}