{"/home/xiaody/local/in-promise/index.js":{"path":"/home/xiaody/local/in-promise/index.js","s":{"1":1,"2":1,"3":3163,"4":1,"5":3162,"6":1,"7":3161,"8":3161,"9":3161,"10":2540,"11":620,"12":1,"13":1,"14":2021,"15":2021,"16":2021,"17":2021,"18":2021,"19":2021,"20":1,"21":3161,"22":3161,"23":3161,"24":3161,"25":3161,"26":1,"27":2021,"28":432,"29":1589,"30":432,"31":1157,"32":1157,"33":3732,"34":116,"35":3616,"36":3616,"37":3616,"38":54,"39":54,"40":3562,"41":1408,"42":1408,"43":2154,"44":2154,"45":2154,"46":1123,"47":130,"48":993,"49":993,"50":993,"51":1408,"52":1408,"53":1408,"54":1408,"55":1192,"56":310,"57":138,"58":1,"59":2298,"60":1968,"61":1968,"62":1968,"63":78,"64":78,"65":1890,"66":2,"67":2,"68":1888,"69":1,"70":4011,"71":864,"72":4011,"73":2014,"74":2014,"75":2014,"76":4011,"77":1,"78":10384,"79":1,"80":3616,"81":1255,"82":2361,"83":2307,"84":1408,"85":1,"86":1,"87":0},"b":{"1":[1,3162],"2":[1,3161],"3":[1125,896],"4":[1173,848],"5":[432,1589],"6":[432,1157],"7":[116,3616],"8":[3732,1198],"9":[1408,2154],"10":[130,993],"11":[1123,478],"12":[2,1888],"13":[864,3147],"14":[1255,2361],"15":[3616,2383,24],"16":[2307,1408],"17":[1,0]},"f":{"1":1,"2":3163,"3":2540,"4":620,"5":2021,"6":2021,"7":3161,"8":2021,"9":3732,"10":1123,"11":1408,"12":1192,"13":310,"14":2298,"15":1968,"16":4011,"17":2014,"18":2014,"19":10384,"20":3616,"21":1408},"fnMap":{"1":{"name":"(anonymous_1)","line":2,"loc":{"start":{"line":2,"column":2},"end":{"line":2,"column":31}}},"2":{"name":"Promise","line":4,"loc":{"start":{"line":4,"column":0},"end":{"line":4,"column":28}}},"3":{"name":"(anonymous_3)","line":13,"loc":{"start":{"line":13,"column":17},"end":{"line":13,"column":30}}},"4":{"name":"(anonymous_4)","line":15,"loc":{"start":{"line":15,"column":11},"end":{"line":15,"column":24}}},"5":{"name":"(anonymous_5)","line":22,"loc":{"start":{"line":22,"column":25},"end":{"line":22,"column":60}}},"6":{"name":"(anonymous_6)","line":24,"loc":{"start":{"line":24,"column":30},"end":{"line":24,"column":50}}},"7":{"name":"Handler","line":35,"loc":{"start":{"line":35,"column":0},"end":{"line":35,"column":20}}},"8":{"name":"(anonymous_8)","line":53,"loc":{"start":{"line":53,"column":12},"end":{"line":53,"column":41}}},"9":{"name":"(anonymous_9)","line":63,"loc":{"start":{"line":63,"column":15},"end":{"line":63,"column":36}}},"10":{"name":"(anonymous_10)","line":81,"loc":{"start":{"line":81,"column":14},"end":{"line":81,"column":35}}},"11":{"name":"(anonymous_11)","line":88,"loc":{"start":{"line":88,"column":14},"end":{"line":88,"column":30}}},"12":{"name":"(anonymous_12)","line":94,"loc":{"start":{"line":94,"column":17},"end":{"line":94,"column":30}}},"13":{"name":"(anonymous_13)","line":96,"loc":{"start":{"line":96,"column":15},"end":{"line":96,"column":28}}},"14":{"name":"wrapCallback","line":105,"loc":{"start":{"line":105,"column":0},"end":{"line":105,"column":53}}},"15":{"name":"(anonymous_15)","line":106,"loc":{"start":{"line":106,"column":11},"end":{"line":106,"column":24}}},"16":{"name":"next","line":122,"loc":{"start":{"line":122,"column":0},"end":{"line":122,"column":29}}},"17":{"name":"(anonymous_17)","line":126,"loc":{"start":{"line":126,"column":9},"end":{"line":126,"column":23}}},"18":{"name":"(anonymous_18)","line":127,"loc":{"start":{"line":127,"column":23},"end":{"line":127,"column":35}}},"19":{"name":"isFunc","line":135,"loc":{"start":{"line":135,"column":0},"end":{"line":135,"column":20}}},"20":{"name":"getThen","line":139,"loc":{"start":{"line":139,"column":0},"end":{"line":139,"column":23}}},"21":{"name":"(anonymous_21)","line":143,"loc":{"start":{"line":143,"column":27},"end":{"line":143,"column":62}}}},"statementMap":{"1":{"start":{"line":2,"column":1},"end":{"line":154,"column":9}},"2":{"start":{"line":4,"column":0},"end":{"line":21,"column":1}},"3":{"start":{"line":5,"column":4},"end":{"line":6,"column":71}},"4":{"start":{"line":6,"column":8},"end":{"line":6,"column":71}},"5":{"start":{"line":7,"column":4},"end":{"line":8,"column":82}},"6":{"start":{"line":8,"column":8},"end":{"line":8,"column":82}},"7":{"start":{"line":11,"column":4},"end":{"line":11,"column":45}},"8":{"start":{"line":12,"column":4},"end":{"line":20,"column":5}},"9":{"start":{"line":13,"column":8},"end":{"line":17,"column":10}},"10":{"start":{"line":14,"column":12},"end":{"line":14,"column":30}},"11":{"start":{"line":16,"column":12},"end":{"line":16,"column":29}},"12":{"start":{"line":19,"column":8},"end":{"line":19,"column":25}},"13":{"start":{"line":22,"column":0},"end":{"line":33,"column":1}},"14":{"start":{"line":23,"column":4},"end":{"line":23,"column":23}},"15":{"start":{"line":24,"column":4},"end":{"line":27,"column":6}},"16":{"start":{"line":25,"column":8},"end":{"line":25,"column":21}},"17":{"start":{"line":26,"column":8},"end":{"line":26,"column":20}},"18":{"start":{"line":28,"column":4},"end":{"line":31,"column":5}},"19":{"start":{"line":32,"column":4},"end":{"line":32,"column":18}},"20":{"start":{"line":35,"column":0},"end":{"line":50,"column":1}},"21":{"start":{"line":45,"column":4},"end":{"line":45,"column":18}},"22":{"start":{"line":46,"column":4},"end":{"line":46,"column":23}},"23":{"start":{"line":47,"column":4},"end":{"line":47,"column":22}},"24":{"start":{"line":48,"column":4},"end":{"line":48,"column":24}},"25":{"start":{"line":49,"column":4},"end":{"line":49,"column":24}},"26":{"start":{"line":51,"column":0},"end":{"line":103,"column":1}},"27":{"start":{"line":54,"column":8},"end":{"line":61,"column":9}},"28":{"start":{"line":55,"column":12},"end":{"line":55,"column":39}},"29":{"start":{"line":56,"column":15},"end":{"line":61,"column":9}},"30":{"start":{"line":57,"column":12},"end":{"line":57,"column":38}},"31":{"start":{"line":59,"column":12},"end":{"line":59,"column":41}},"32":{"start":{"line":60,"column":12},"end":{"line":60,"column":39}},"33":{"start":{"line":64,"column":8},"end":{"line":65,"column":18}},"34":{"start":{"line":65,"column":12},"end":{"line":65,"column":18}},"35":{"start":{"line":66,"column":8},"end":{"line":66,"column":16}},"36":{"start":{"line":67,"column":8},"end":{"line":72,"column":9}},"37":{"start":{"line":68,"column":12},"end":{"line":68,"column":29}},"38":{"start":{"line":70,"column":12},"end":{"line":70,"column":29}},"39":{"start":{"line":71,"column":12},"end":{"line":71,"column":18}},"40":{"start":{"line":73,"column":8},"end":{"line":76,"column":9}},"41":{"start":{"line":74,"column":12},"end":{"line":74,"column":29}},"42":{"start":{"line":75,"column":12},"end":{"line":75,"column":18}},"43":{"start":{"line":77,"column":8},"end":{"line":77,"column":22}},"44":{"start":{"line":78,"column":8},"end":{"line":78,"column":23}},"45":{"start":{"line":79,"column":8},"end":{"line":79,"column":31}},"46":{"start":{"line":82,"column":8},"end":{"line":83,"column":18}},"47":{"start":{"line":83,"column":12},"end":{"line":83,"column":18}},"48":{"start":{"line":84,"column":8},"end":{"line":84,"column":22}},"49":{"start":{"line":85,"column":8},"end":{"line":85,"column":23}},"50":{"start":{"line":86,"column":8},"end":{"line":86,"column":30}},"51":{"start":{"line":89,"column":8},"end":{"line":89,"column":22}},"52":{"start":{"line":90,"column":8},"end":{"line":91,"column":22}},"53":{"start":{"line":93,"column":8},"end":{"line":101,"column":9}},"54":{"start":{"line":94,"column":12},"end":{"line":98,"column":14}},"55":{"start":{"line":95,"column":16},"end":{"line":95,"column":41}},"56":{"start":{"line":97,"column":16},"end":{"line":97,"column":40}},"57":{"start":{"line":100,"column":12},"end":{"line":100,"column":36}},"58":{"start":{"line":105,"column":0},"end":{"line":120,"column":1}},"59":{"start":{"line":106,"column":4},"end":{"line":119,"column":5}},"60":{"start":{"line":107,"column":8},"end":{"line":107,"column":18}},"61":{"start":{"line":108,"column":8},"end":{"line":113,"column":9}},"62":{"start":{"line":109,"column":12},"end":{"line":109,"column":42}},"63":{"start":{"line":111,"column":12},"end":{"line":111,"column":21}},"64":{"start":{"line":112,"column":12},"end":{"line":112,"column":18}},"65":{"start":{"line":114,"column":8},"end":{"line":117,"column":9}},"66":{"start":{"line":115,"column":12},"end":{"line":115,"column":73}},"67":{"start":{"line":116,"column":12},"end":{"line":116,"column":18}},"68":{"start":{"line":118,"column":8},"end":{"line":118,"column":23}},"69":{"start":{"line":122,"column":0},"end":{"line":133,"column":1}},"70":{"start":{"line":123,"column":4},"end":{"line":124,"column":23}},"71":{"start":{"line":124,"column":8},"end":{"line":124,"column":23}},"72":{"start":{"line":125,"column":4},"end":{"line":131,"column":5}},"73":{"start":{"line":126,"column":8},"end":{"line":130,"column":20}},"74":{"start":{"line":127,"column":12},"end":{"line":129,"column":17}},"75":{"start":{"line":128,"column":16},"end":{"line":128,"column":41}},"76":{"start":{"line":132,"column":4},"end":{"line":132,"column":20}},"77":{"start":{"line":135,"column":0},"end":{"line":137,"column":1}},"78":{"start":{"line":136,"column":4},"end":{"line":136,"column":34}},"79":{"start":{"line":139,"column":0},"end":{"line":146,"column":1}},"80":{"start":{"line":140,"column":4},"end":{"line":141,"column":20}},"81":{"start":{"line":141,"column":8},"end":{"line":141,"column":20}},"82":{"start":{"line":142,"column":4},"end":{"line":142,"column":23}},"83":{"start":{"line":143,"column":4},"end":{"line":145,"column":5}},"84":{"start":{"line":144,"column":8},"end":{"line":144,"column":47}},"85":{"start":{"line":149,"column":0},"end":{"line":152,"column":28}},"86":{"start":{"line":150,"column":4},"end":{"line":150,"column":28}},"87":{"start":{"line":152,"column":4},"end":{"line":152,"column":28}}},"branchMap":{"1":{"line":5,"type":"if","locations":[{"start":{"line":5,"column":4},"end":{"line":5,"column":4}},{"start":{"line":5,"column":4},"end":{"line":5,"column":4}}]},"2":{"line":7,"type":"if","locations":[{"start":{"line":7,"column":4},"end":{"line":7,"column":4}},{"start":{"line":7,"column":4},"end":{"line":7,"column":4}}]},"3":{"line":29,"type":"cond-expr","locations":[{"start":{"line":29,"column":30},"end":{"line":29,"column":81}},{"start":{"line":29,"column":84},"end":{"line":29,"column":91}}]},"4":{"line":30,"type":"cond-expr","locations":[{"start":{"line":30,"column":29},"end":{"line":30,"column":79}},{"start":{"line":30,"column":82},"end":{"line":30,"column":88}}]},"5":{"line":54,"type":"if","locations":[{"start":{"line":54,"column":8},"end":{"line":54,"column":8}},{"start":{"line":54,"column":8},"end":{"line":54,"column":8}}]},"6":{"line":56,"type":"if","locations":[{"start":{"line":56,"column":15},"end":{"line":56,"column":15}},{"start":{"line":56,"column":15},"end":{"line":56,"column":15}}]},"7":{"line":64,"type":"if","locations":[{"start":{"line":64,"column":8},"end":{"line":64,"column":8}},{"start":{"line":64,"column":8},"end":{"line":64,"column":8}}]},"8":{"line":64,"type":"binary-expr","locations":[{"start":{"line":64,"column":12},"end":{"line":64,"column":22}},{"start":{"line":64,"column":26},"end":{"line":64,"column":38}}]},"9":{"line":73,"type":"if","locations":[{"start":{"line":73,"column":8},"end":{"line":73,"column":8}},{"start":{"line":73,"column":8},"end":{"line":73,"column":8}}]},"10":{"line":82,"type":"if","locations":[{"start":{"line":82,"column":8},"end":{"line":82,"column":8}},{"start":{"line":82,"column":8},"end":{"line":82,"column":8}}]},"11":{"line":82,"type":"binary-expr","locations":[{"start":{"line":82,"column":12},"end":{"line":82,"column":22}},{"start":{"line":82,"column":26},"end":{"line":82,"column":38}}]},"12":{"line":114,"type":"if","locations":[{"start":{"line":114,"column":8},"end":{"line":114,"column":8}},{"start":{"line":114,"column":8},"end":{"line":114,"column":8}}]},"13":{"line":123,"type":"if","locations":[{"start":{"line":123,"column":4},"end":{"line":123,"column":4}},{"start":{"line":123,"column":4},"end":{"line":123,"column":4}}]},"14":{"line":140,"type":"if","locations":[{"start":{"line":140,"column":4},"end":{"line":140,"column":4}},{"start":{"line":140,"column":4},"end":{"line":140,"column":4}}]},"15":{"line":140,"type":"binary-expr","locations":[{"start":{"line":140,"column":8},"end":{"line":140,"column":12}},{"start":{"line":140,"column":16},"end":{"line":140,"column":39}},{"start":{"line":140,"column":43},"end":{"line":140,"column":55}}]},"16":{"line":143,"type":"binary-expr","locations":[{"start":{"line":143,"column":11},"end":{"line":143,"column":23}},{"start":{"line":143,"column":27},"end":{"line":145,"column":5}}]},"17":{"line":149,"type":"if","locations":[{"start":{"line":149,"column":0},"end":{"line":149,"column":0}},{"start":{"line":149,"column":0},"end":{"line":149,"column":0}}]}}}}