TN:
SF:/Users/xiaody/local/inPromise/index.js
FN:2,(anonymous_1)
FN:4,Promise
FN:13,(anonymous_3)
FN:15,(anonymous_4)
FN:22,(anonymous_5)
FN:24,(anonymous_6)
FN:35,Handler
FN:53,(anonymous_8)
FN:61,(anonymous_9)
FN:79,(anonymous_10)
FN:86,(anonymous_11)
FN:91,(anonymous_12)
FN:93,(anonymous_13)
FN:102,wrapCallback
FN:103,(anonymous_15)
FN:119,next
FN:122,(anonymous_17)
FN:123,(anonymous_18)
FN:129,isFunc
FN:133,getThen
FNF:20
FNH:20
FNDA:1,(anonymous_1)
FNDA:3159,Promise
FNDA:2538,(anonymous_3)
FNDA:618,(anonymous_4)
FNDA:2021,(anonymous_5)
FNDA:2021,(anonymous_6)
FNDA:3157,Handler
FNDA:2021,(anonymous_8)
FNDA:3730,(anonymous_9)
FNDA:1121,(anonymous_10)
FNDA:1408,(anonymous_11)
FNDA:1192,(anonymous_12)
FNDA:310,(anonymous_13)
FNDA:2298,wrapCallback
FNDA:1968,(anonymous_15)
FNDA:4007,next
FNDA:2014,(anonymous_17)
FNDA:2014,(anonymous_18)
FNDA:10354,isFunc
FNDA:3614,getThen
DA:2,1
DA:4,1
DA:5,3159
DA:6,1
DA:7,3158
DA:8,1
DA:11,3157
DA:12,3157
DA:13,3157
DA:14,2538
DA:16,618
DA:19,1
DA:22,1
DA:23,2021
DA:24,2021
DA:25,2021
DA:26,2021
DA:28,2021
DA:32,2021
DA:35,1
DA:45,3157
DA:46,3157
DA:47,3157
DA:48,3157
DA:49,3157
DA:51,1
DA:54,2021
DA:55,2021
DA:56,2021
DA:57,432
DA:58,2021
DA:59,432
DA:62,3730
DA:63,116
DA:64,3614
DA:65,3614
DA:66,3614
DA:68,54
DA:69,54
DA:71,3560
DA:72,1408
DA:73,1408
DA:75,2152
DA:76,2152
DA:77,2152
DA:80,1121
DA:81,130
DA:82,991
DA:83,991
DA:84,991
DA:87,1408
DA:88,1408
DA:89,1408
DA:90,1408
DA:91,1408
DA:92,1192
DA:94,310
DA:97,138
DA:102,1
DA:103,2298
DA:104,1968
DA:105,1968
DA:106,1968
DA:108,78
DA:109,78
DA:111,1890
DA:112,2
DA:113,2
DA:115,1888
DA:119,1
DA:120,4007
DA:121,864
DA:122,4007
DA:123,2014
DA:124,2014
DA:129,1
DA:130,10354
DA:133,1
DA:134,3614
DA:135,1255
DA:136,2359
DA:137,2305
DA:141,1
DA:142,1
DA:144,0
LF:85
LH:84
BRDA:5,1,0,1
BRDA:5,1,1,3158
BRDA:7,2,0,1
BRDA:7,2,1,3157
BRDA:29,3,0,1125
BRDA:29,3,1,896
BRDA:30,4,0,1173
BRDA:30,4,1,848
BRDA:56,5,0,432
BRDA:56,5,1,1589
BRDA:58,6,0,432
BRDA:58,6,1,1589
BRDA:62,7,0,116
BRDA:62,7,1,3614
BRDA:62,8,0,3730
BRDA:62,8,1,1198
BRDA:71,9,0,1408
BRDA:71,9,1,2152
BRDA:80,10,0,130
BRDA:80,10,1,991
BRDA:80,11,0,1121
BRDA:80,11,1,478
BRDA:111,12,0,2
BRDA:111,12,1,1888
BRDA:120,13,0,864
BRDA:120,13,1,3143
BRDA:134,14,0,1255
BRDA:134,14,1,2359
BRDA:134,15,0,3614
BRDA:134,15,1,2381
BRDA:134,15,2,24
BRDA:137,16,0,2305
BRDA:137,16,1,1408
BRDA:141,17,0,1
BRDA:141,17,1,0
BRF:35
BRH:34
end_of_record
