TN:
SF:/Users/xiaody/local/inPromise/index.js
FN:2,(anonymous_1)
FN:4,Promise
FN:13,(anonymous_3)
FN:15,(anonymous_4)
FN:22,(anonymous_5)
FN:24,(anonymous_6)
FN:35,Handler
FN:53,(anonymous_8)
FN:63,(anonymous_9)
FN:81,(anonymous_10)
FN:88,(anonymous_11)
FN:94,(anonymous_12)
FN:98,(anonymous_13)
FN:111,wrapCallback
FN:112,(anonymous_15)
FN:128,next
FN:132,(anonymous_17)
FN:133,(anonymous_18)
FN:141,isFunc
FN:145,getThen
FN:149,(anonymous_21)
FNF:21
FNH:21
FNDA:1,(anonymous_1)
FNDA:3163,Promise
FNDA:2540,(anonymous_3)
FNDA:620,(anonymous_4)
FNDA:2021,(anonymous_5)
FNDA:2021,(anonymous_6)
FNDA:3161,Handler
FNDA:2021,(anonymous_8)
FNDA:3622,(anonymous_9)
FNDA:999,(anonymous_10)
FNDA:1408,(anonymous_11)
FNDA:1192,(anonymous_12)
FNDA:310,(anonymous_13)
FNDA:2298,wrapCallback
FNDA:1968,(anonymous_15)
FNDA:4011,next
FNDA:2014,(anonymous_17)
FNDA:2014,(anonymous_18)
FNDA:10384,isFunc
FNDA:3616,getThen
FNDA:1408,(anonymous_21)
DA:2,1
DA:4,1
DA:5,3163
DA:6,1
DA:7,3162
DA:8,1
DA:11,3161
DA:12,3161
DA:13,3161
DA:14,2540
DA:16,620
DA:19,1
DA:22,1
DA:23,2021
DA:24,2021
DA:25,2021
DA:26,2021
DA:28,2021
DA:32,2021
DA:35,1
DA:45,3161
DA:46,3161
DA:47,3161
DA:48,3161
DA:49,3161
DA:51,1
DA:54,2021
DA:55,432
DA:56,1589
DA:57,432
DA:59,1157
DA:60,1157
DA:64,3622
DA:65,6
DA:66,3616
DA:67,3616
DA:68,3616
DA:70,54
DA:71,54
DA:73,3562
DA:74,1408
DA:75,1408
DA:77,2154
DA:78,2154
DA:79,2154
DA:82,999
DA:83,6
DA:84,993
DA:85,993
DA:86,993
DA:89,1408
DA:90,1408
DA:93,1408
DA:94,1408
DA:95,1192
DA:96,1082
DA:97,1192
DA:99,310
DA:100,286
DA:101,310
DA:104,138
DA:105,38
DA:106,138
DA:111,1
DA:112,2298
DA:113,1968
DA:114,1968
DA:115,1968
DA:117,78
DA:118,78
DA:120,1890
DA:121,2
DA:122,2
DA:124,1888
DA:128,1
DA:129,4011
DA:130,864
DA:131,4011
DA:132,2014
DA:133,2014
DA:134,2014
DA:138,4011
DA:141,1
DA:142,10384
DA:145,1
DA:146,3616
DA:147,1255
DA:148,2361
DA:149,2307
DA:150,1408
DA:155,1
DA:156,1
DA:158,0
LF:93
LH:92
BRDA:5,1,0,1
BRDA:5,1,1,3162
BRDA:5,2,0,3163
BRDA:5,2,1,3162
BRDA:7,3,0,1
BRDA:7,3,1,3161
BRDA:29,4,0,1125
BRDA:29,4,1,896
BRDA:30,5,0,1173
BRDA:30,5,1,848
BRDA:54,6,0,432
BRDA:54,6,1,1589
BRDA:56,7,0,432
BRDA:56,7,1,1157
BRDA:64,8,0,6
BRDA:64,8,1,3616
BRDA:73,9,0,1408
BRDA:73,9,1,2154
BRDA:82,10,0,6
BRDA:82,10,1,993
BRDA:95,11,0,1082
BRDA:95,11,1,110
BRDA:99,12,0,286
BRDA:99,12,1,24
BRDA:104,13,0,38
BRDA:104,13,1,100
BRDA:120,14,0,2
BRDA:120,14,1,1888
BRDA:129,15,0,864
BRDA:129,15,1,3147
BRDA:146,16,0,1255
BRDA:146,16,1,2361
BRDA:146,17,0,3616
BRDA:146,17,1,2383
BRDA:146,17,2,24
BRDA:149,18,0,2307
BRDA:149,18,1,1408
BRDA:155,19,0,1
BRDA:155,19,1,0
BRF:39
BRH:38
end_of_record
